2026-02-25 14:06:24 - [__main__] - DEBUG - Logger initialized: __main__, log file: logs/run_20260225_140624.log
2026-02-25 14:06:24 - [__main__] - INFO - ============================================================
2026-02-25 14:06:24 - [__main__] - INFO - Multi-Paper Knowledge Graph Construction Framework
2026-02-25 14:06:24 - [__main__] - INFO - ============================================================
2026-02-25 14:06:24 - [__main__] - INFO - Loading papers from JSON files...
2026-02-25 14:06:24 - [__main__] - INFO - Processing first 2 papers
2026-02-25 14:06:24 - [__main__] - INFO - Initializing dependencies...
2026-02-25 14:06:33 - [__main__] - INFO - Initializing agents...
2026-02-25 14:06:33 - [__main__] - INFO - ============================================================
2026-02-25 14:06:33 - [__main__] - INFO - Starting Multi-Paper Processing Pipeline
2026-02-25 14:06:33 - [__main__] - INFO - ============================================================
2026-02-25 14:06:33 - [__main__] - INFO - >>> [1/2] Extraction: 1_10.1109_ACCESS.2018.2825378
2026-02-25 14:07:00 - [__main__] - INFO - >>> [2/2] Extraction: 1_10.1109_ACCESS.2018.2827023
2026-02-25 14:07:00 - [__main__] - INFO - >>> [1] Grounding: 1_10.1109_ACCESS.2018.2825378
2026-02-25 14:08:26 - [__main__] - INFO - >>> [2] Grounding: 1_10.1109_ACCESS.2018.2827023
2026-02-25 14:08:26 - [__main__] - INFO - >>> [1] Validation: 1_10.1109_ACCESS.2018.2825378
2026-02-25 14:08:51 - [__main__] - INFO - >>> [1] Evolution: 1_10.1109_ACCESS.2018.2825378
2026-02-25 14:08:53 - [__main__] - INFO - >>> [1] Paper Summary:
2026-02-25 14:08:53 - [__main__] - INFO -   - Claims extracted: 68
2026-02-25 14:08:53 - [__main__] - INFO -   - Claims grounded:  68
2026-02-25 14:08:53 - [__main__] - INFO -   - Claims validated: 59
2026-02-25 14:08:53 - [__main__] - INFO -   - Claims written:   59
2026-02-25 14:09:31 - [__main__] - INFO - >>> [2] Validation: 1_10.1109_ACCESS.2018.2827023
2026-02-25 14:09:43 - [__main__] - INFO - >>> [2] Evolution: 1_10.1109_ACCESS.2018.2827023
2026-02-25 14:09:44 - [__main__] - INFO - >>> [2] Paper Summary:
2026-02-25 14:09:44 - [__main__] - INFO -   - Claims extracted: 31
2026-02-25 14:09:44 - [__main__] - INFO -   - Claims grounded:  31
2026-02-25 14:09:44 - [__main__] - INFO -   - Claims validated: 31
2026-02-25 14:09:44 - [__main__] - INFO -   - Claims written:   31
2026-02-25 14:09:44 - [__main__] - INFO - ============================================================
2026-02-25 14:09:44 - [__main__] - INFO - Final Graph Statistics
2026-02-25 14:09:44 - [__main__] - INFO - ============================================================
2026-02-25 14:09:44 - [__main__] - INFO - === Agent Timing Report ===
2026-02-25 14:09:44 - [__main__] - INFO - 
2026-02-25 14:09:44 - [__main__] - INFO - Per-Paper (Paper 1):
2026-02-25 14:09:44 - [__main__] - INFO -   Extraction:  26.57s
2026-02-25 14:09:44 - [__main__] - INFO -   Grounding:  86.44s
2026-02-25 14:09:44 - [__main__] - INFO -   Validation:  24.59s
2026-02-25 14:09:44 - [__main__] - INFO -   Evolution:  1.90s
2026-02-25 14:09:44 - [__main__] - INFO -   Total:  139.51s
2026-02-25 14:09:44 - [__main__] - INFO - 
2026-02-25 14:09:44 - [__main__] - INFO - Per-Paper (Paper 2):
2026-02-25 14:09:44 - [__main__] - INFO -   Extraction:  16.07s
2026-02-25 14:09:44 - [__main__] - INFO -   Grounding:  64.87s
2026-02-25 14:09:44 - [__main__] - INFO -   Validation:  12.30s
2026-02-25 14:09:44 - [__main__] - INFO -   Evolution:  0.66s
2026-02-25 14:09:44 - [__main__] - INFO -   Total:  93.91s
2026-02-25 14:09:44 - [__main__] - INFO - 
2026-02-25 14:09:44 - [__main__] - INFO - === Aggregate ===
2026-02-25 14:09:44 - [__main__] - INFO - Extraction:  42.64s (2 papers, avg 21.32s)
2026-02-25 14:09:44 - [__main__] - INFO - Grounding:  151.31s (2 papers, avg 75.66s)
2026-02-25 14:09:44 - [__main__] - INFO - Validation:  36.90s (2 papers, avg 18.45s)
2026-02-25 14:09:44 - [__main__] - INFO - Evolution:  2.57s (2 papers, avg 1.28s)
2026-02-25 14:09:44 - [__main__] - INFO - Pipeline Total: 233.41s
2026-02-25 14:09:44 - [__main__] - INFO - Timing report saved to: logs/timing_20260225_140621.json
2026-02-25 14:09:44 - [__main__] - INFO - ============================================================
2026-02-25 14:09:44 - [__main__] - INFO - Overall Pipeline Summary
2026-02-25 14:09:44 - [__main__] - INFO - ============================================================
2026-02-25 14:09:44 - [__main__] - INFO - Papers processed: 2
2026-02-25 14:09:44 - [__main__] - INFO - Total claims extracted: 99
2026-02-25 14:09:44 - [__main__] - INFO - Total claims grounded: 99
2026-02-25 14:09:44 - [__main__] - INFO - Total claims validated: 90
2026-02-25 14:09:44 - [__main__] - INFO - Total claims written to graph: 90
2026-02-25 14:09:44 - [__main__] - INFO - Graph Database:
2026-02-25 14:09:44 - [__main__] - INFO -   - Nodes: 123
2026-02-25 14:09:44 - [__main__] - INFO -   - Relationships: 90
2026-02-25 14:09:44 - [__main__] - INFO - ============================================================
2026-02-25 14:09:44 - [__main__] - INFO - === Workflow Finished ===
2026-02-25 14:09:44 - [__main__] - INFO - ============================================================
