2026-02-11 13:28:47 - [__main__] - DEBUG - Logger initialized: __main__, log file: logs/run_20260211_132847.log
2026-02-11 13:28:47 - [__main__] - INFO - ============================================================
2026-02-11 13:28:47 - [__main__] - INFO - Multi-Paper Knowledge Graph Construction Framework
2026-02-11 13:28:47 - [__main__] - INFO - ============================================================
2026-02-11 13:28:47 - [__main__] - INFO - Loading papers from JSON files...
2026-02-11 13:28:47 - [__main__] - INFO - Initializing dependencies...
2026-02-11 13:28:54 - [__main__] - INFO - Initializing agents...
2026-02-11 13:28:54 - [__main__] - INFO - ============================================================
2026-02-11 13:28:54 - [__main__] - INFO - Starting Multi-Paper Processing Pipeline
2026-02-11 13:28:54 - [__main__] - INFO - ============================================================
2026-02-11 13:28:54 - [__main__] - INFO - ============================================================
2026-02-11 13:28:54 - [__main__] - INFO - Processing Paper 1/3: 2024 ESC血压升高和高血压管理指南解读
2026-02-11 13:28:54 - [__main__] - INFO - Title: 一、血压测量花样翻新...
2026-02-11 13:28:54 - [__main__] - INFO - ============================================================
2026-02-11 13:28:54 - [__main__] - INFO - >>> [1] Step 1: Extraction
2026-02-11 13:29:02 - [__main__] - INFO - >>> [1] Step 2: Semantic Grounding
2026-02-11 13:29:45 - [__main__] - INFO - >>> [1] Step 3: Knowledge Validation
2026-02-11 13:30:28 - [__main__] - INFO - >>> [1] Step 4: Knowledge Evolution
2026-02-11 13:30:29 - [__main__] - INFO - >>> [1] Paper Summary:
2026-02-11 13:30:29 - [__main__] - INFO -   - Claims extracted: 14
2026-02-11 13:30:29 - [__main__] - INFO -   - Claims grounded: 14
2026-02-11 13:30:29 - [__main__] - INFO -   - Claims validated: 12
2026-02-11 13:30:29 - [__main__] - INFO -   - Claims written: 12
2026-02-11 13:30:29 - [__main__] - INFO - ============================================================
2026-02-11 13:30:29 - [__main__] - INFO - Processing Paper 2/3: 2024 高血压、2 型糖尿病、高脂血症、肥胖症膳食运动指导要点基层医务人员应用实操手册（试行）
2026-02-11 13:30:29 - [__main__] - INFO - Title: 一、使用说明...
2026-02-11 13:30:29 - [__main__] - INFO - ============================================================
2026-02-11 13:30:29 - [__main__] - INFO - >>> [2] Step 1: Extraction
2026-02-11 13:32:11 - [__main__] - INFO - >>> [2] Step 2: Semantic Grounding
2026-02-11 13:39:18 - [__main__] - INFO - >>> [2] Step 3: Knowledge Validation
2026-02-11 13:46:47 - [__main__] - INFO - >>> [2] Step 4: Knowledge Evolution
2026-02-11 13:46:49 - [__main__] - INFO - >>> [2] Paper Summary:
2026-02-11 13:46:49 - [__main__] - INFO -   - Claims extracted: 136
2026-02-11 13:46:49 - [__main__] - INFO -   - Claims grounded: 136
2026-02-11 13:46:49 - [__main__] - INFO -   - Claims validated: 132
2026-02-11 13:46:49 - [__main__] - INFO -   - Claims written: 132
2026-02-11 13:46:49 - [__main__] - INFO - ============================================================
2026-02-11 13:46:49 - [__main__] - INFO - Processing Paper 3/3: 国家基层高血压防治管理指南2025版
2026-02-11 13:46:49 - [__main__] - INFO - Title: 基层高血压管理基本要求...
2026-02-11 13:46:49 - [__main__] - INFO - ============================================================
2026-02-11 13:46:49 - [__main__] - INFO - >>> [3] Step 1: Extraction
2026-02-11 13:47:14 - [__main__] - INFO - >>> [3] Step 2: Semantic Grounding
2026-02-11 13:48:50 - [__main__] - INFO - >>> [3] Step 3: Knowledge Validation
2026-02-11 13:51:14 - [__main__] - INFO - >>> [3] Step 4: Knowledge Evolution
2026-02-11 13:51:15 - [__main__] - INFO - >>> [3] Paper Summary:
2026-02-11 13:51:15 - [__main__] - INFO -   - Claims extracted: 41
2026-02-11 13:51:15 - [__main__] - INFO -   - Claims grounded: 41
2026-02-11 13:51:15 - [__main__] - INFO -   - Claims validated: 40
2026-02-11 13:51:15 - [__main__] - INFO -   - Claims written: 40
2026-02-11 13:51:15 - [__main__] - INFO - ============================================================
2026-02-11 13:51:15 - [__main__] - INFO - Final Graph Statistics
2026-02-11 13:51:15 - [__main__] - INFO - ============================================================
2026-02-11 13:51:15 - [__main__] - INFO - ============================================================
2026-02-11 13:51:15 - [__main__] - INFO - Overall Pipeline Summary
2026-02-11 13:51:15 - [__main__] - INFO - ============================================================
2026-02-11 13:51:15 - [__main__] - INFO - Papers processed: 3
2026-02-11 13:51:15 - [__main__] - INFO - Total claims extracted: 191
2026-02-11 13:51:15 - [__main__] - INFO - Total claims grounded: 191
2026-02-11 13:51:15 - [__main__] - INFO - Total claims validated: 184
2026-02-11 13:51:15 - [__main__] - INFO - Total claims written to graph: 184
2026-02-11 13:51:15 - [__main__] - INFO - Graph Database:
2026-02-11 13:51:15 - [__main__] - INFO -   - Nodes: 246
2026-02-11 13:51:15 - [__main__] - INFO -   - Relationships: 184
2026-02-11 13:51:15 - [__main__] - INFO - ============================================================
2026-02-11 13:51:15 - [__main__] - INFO - === Workflow Finished ===
2026-02-11 13:51:15 - [__main__] - INFO - ============================================================
