2026-01-29 16:51:48 - [__main__] - DEBUG - Logger initialized: __main__, log file: logs/run_20260129_165148.log
2026-01-29 16:51:48 - [__main__] - INFO - ============================================================
2026-01-29 16:51:48 - [__main__] - INFO - Multi-Paper Knowledge Graph Construction Framework
2026-01-29 16:51:48 - [__main__] - INFO - ============================================================
2026-01-29 16:51:48 - [__main__] - INFO - Loading papers from JSON files...
2026-01-29 16:51:48 - [__main__] - INFO - Initializing dependencies...
2026-01-29 16:51:56 - [__main__] - INFO - Initializing agents...
2026-01-29 16:51:56 - [__main__] - INFO - ============================================================
2026-01-29 16:51:56 - [__main__] - INFO - Starting Multi-Paper Processing Pipeline
2026-01-29 16:51:56 - [__main__] - INFO - ============================================================
2026-01-29 16:51:56 - [__main__] - INFO - ============================================================
2026-01-29 16:51:56 - [__main__] - INFO - Processing Paper 1/7: 2024 ESC血压升高和高血压管理指南解读
2026-01-29 16:51:56 - [__main__] - INFO - Title: 一、血压测量花样翻新...
2026-01-29 16:51:56 - [__main__] - INFO - ============================================================
2026-01-29 16:51:56 - [__main__] - INFO - >>> [1] Step 1: Extraction
2026-01-29 16:52:08 - [__main__] - INFO - >>> [1] Step 2: Semantic Grounding
2026-01-29 16:52:44 - [__main__] - INFO - >>> [1] Step 3: Knowledge Validation
2026-01-29 16:53:19 - [__main__] - INFO - >>> [1] Step 4: Knowledge Evolution
2026-01-29 16:53:19 - [__main__] - INFO - >>> [1] Paper Summary:
2026-01-29 16:53:19 - [__main__] - INFO -   - Claims extracted: 10
2026-01-29 16:53:19 - [__main__] - INFO -   - Claims grounded: 10
2026-01-29 16:53:19 - [__main__] - INFO -   - Claims validated: 10
2026-01-29 16:53:19 - [__main__] - INFO -   - Claims written: 10
2026-01-29 16:53:19 - [__main__] - INFO - ============================================================
2026-01-29 16:53:19 - [__main__] - INFO - Processing Paper 2/7: 2024 高血压、2 型糖尿病、高脂血症、肥胖症膳食运动指导要点基层医务人员应用实操手册（试行）
2026-01-29 16:53:19 - [__main__] - INFO - Title: 一、使用说明...
2026-01-29 16:53:19 - [__main__] - INFO - ============================================================
2026-01-29 16:53:19 - [__main__] - INFO - >>> [2] Step 1: Extraction
2026-01-29 16:56:52 - [__main__] - INFO - >>> [2] Step 2: Semantic Grounding
2026-01-29 17:13:29 - [__main__] - INFO - >>> [2] Step 3: Knowledge Validation
2026-01-29 17:22:06 - [__main__] - INFO - >>> [2] Step 4: Knowledge Evolution
2026-01-29 17:22:09 - [__main__] - INFO - >>> [2] Paper Summary:
2026-01-29 17:22:09 - [__main__] - INFO -   - Claims extracted: 148
2026-01-29 17:22:09 - [__main__] - INFO -   - Claims grounded: 148
2026-01-29 17:22:09 - [__main__] - INFO -   - Claims validated: 141
2026-01-29 17:22:09 - [__main__] - INFO -   - Claims written: 141
2026-01-29 17:22:09 - [__main__] - INFO - ============================================================
2026-01-29 17:22:09 - [__main__] - INFO - Processing Paper 3/7: 中国高血压临床实践指南
2026-01-29 17:22:09 - [__main__] - INFO - Title: 临床问题 1 中国成人高血压诊断标准的合理水平？...
2026-01-29 17:22:09 - [__main__] - INFO - ============================================================
2026-01-29 17:22:09 - [__main__] - INFO - >>> [3] Step 1: Extraction
2026-01-29 17:28:29 - [__main__] - INFO - >>> [3] Step 2: Semantic Grounding
2026-01-29 17:40:07 - [__main__] - INFO - >>> [3] Step 3: Knowledge Validation
2026-01-29 17:48:07 - [__main__] - INFO - >>> [3] Step 4: Knowledge Evolution
2026-01-29 17:48:10 - [__main__] - INFO - >>> [3] Paper Summary:
2026-01-29 17:48:10 - [__main__] - INFO -   - Claims extracted: 152
2026-01-29 17:48:10 - [__main__] - INFO -   - Claims grounded: 152
2026-01-29 17:48:10 - [__main__] - INFO -   - Claims validated: 150
2026-01-29 17:48:10 - [__main__] - INFO -   - Claims written: 150
2026-01-29 17:48:10 - [__main__] - INFO - ============================================================
2026-01-29 17:48:10 - [__main__] - INFO - Processing Paper 4/7: 中国高血压防治指南(2024年修订版)_中国高血压防治指南修订委员会_
2026-01-29 17:48:10 - [__main__] - INFO - Title: 我国人群高血压流行及防控现状...
2026-01-29 17:48:10 - [__main__] - INFO - ============================================================
2026-01-29 17:48:10 - [__main__] - INFO - >>> [4] Step 1: Extraction
2026-01-29 17:52:19 - [__main__] - INFO - >>> [4] Step 2: Semantic Grounding
2026-01-29 18:15:05 - [__main__] - INFO - >>> [4] Step 3: Knowledge Validation
2026-01-29 18:28:03 - [__main__] - INFO - >>> [4] Step 4: Knowledge Evolution
2026-01-29 18:28:07 - [__main__] - INFO - >>> [4] Paper Summary:
2026-01-29 18:28:07 - [__main__] - INFO -   - Claims extracted: 241
2026-01-29 18:28:07 - [__main__] - INFO -   - Claims grounded: 241
2026-01-29 18:28:07 - [__main__] - INFO -   - Claims validated: 234
2026-01-29 18:28:07 - [__main__] - INFO -   - Claims written: 234
2026-01-29 18:28:07 - [__main__] - INFO - ============================================================
2026-01-29 18:28:07 - [__main__] - INFO - Processing Paper 5/7: 国家基层高血压防治管理指南2025版
2026-01-29 18:28:07 - [__main__] - INFO - Title: 基层高血压管理基本要求...
2026-01-29 18:28:07 - [__main__] - INFO - ============================================================
2026-01-29 18:28:07 - [__main__] - INFO - >>> [5] Step 1: Extraction
2026-01-29 18:28:42 - [__main__] - INFO - >>> [5] Step 2: Semantic Grounding
2026-01-29 18:32:05 - [__main__] - INFO - >>> [5] Step 3: Knowledge Validation
2026-01-29 18:34:14 - [__main__] - INFO - >>> [5] Step 4: Knowledge Evolution
2026-01-29 18:34:15 - [__main__] - INFO - >>> [5] Paper Summary:
2026-01-29 18:34:15 - [__main__] - INFO -   - Claims extracted: 40
2026-01-29 18:34:15 - [__main__] - INFO -   - Claims grounded: 40
2026-01-29 18:34:15 - [__main__] - INFO -   - Claims validated: 38
2026-01-29 18:34:15 - [__main__] - INFO -   - Claims written: 38
2026-01-29 18:34:15 - [__main__] - INFO - ============================================================
2026-01-29 18:34:15 - [__main__] - INFO - Processing Paper 6/7: 女性高血压管理专家共识
2026-01-29 18:34:15 - [__main__] - INFO - Title: 一、女性高血压的危险因素...
2026-01-29 18:34:15 - [__main__] - INFO - ============================================================
2026-01-29 18:34:15 - [__main__] - INFO - >>> [6] Step 1: Extraction
2026-01-29 18:34:34 - [__main__] - INFO - >>> [6] Step 2: Semantic Grounding
2026-01-29 18:37:10 - [__main__] - INFO - >>> [6] Step 3: Knowledge Validation
2026-01-29 18:38:43 - [__main__] - INFO - >>> [6] Step 4: Knowledge Evolution
2026-01-29 18:38:44 - [__main__] - INFO - >>> [6] Paper Summary:
2026-01-29 18:38:44 - [__main__] - INFO -   - Claims extracted: 25
2026-01-29 18:38:44 - [__main__] - INFO -   - Claims grounded: 25
2026-01-29 18:38:44 - [__main__] - INFO -   - Claims validated: 24
2026-01-29 18:38:44 - [__main__] - INFO -   - Claims written: 24
2026-01-29 18:38:44 - [__main__] - INFO - ============================================================
2026-01-29 18:38:44 - [__main__] - INFO - Processing Paper 7/7: 老年高血压特点及临床诊治流程专家共识(2024)
2026-01-29 18:38:44 - [__main__] - INFO - Title: 一、老年高血压的临床特点及诊治原则...
2026-01-29 18:38:44 - [__main__] - INFO - ============================================================
2026-01-29 18:38:44 - [__main__] - INFO - >>> [7] Step 1: Extraction
2026-01-29 18:39:19 - [__main__] - INFO - >>> [7] Step 2: Semantic Grounding
2026-01-29 18:43:35 - [__main__] - INFO - >>> [7] Step 3: Knowledge Validation
2026-01-29 18:45:55 - [__main__] - INFO - >>> [7] Step 4: Knowledge Evolution
2026-01-29 18:45:55 - [__main__] - INFO - >>> [7] Paper Summary:
2026-01-29 18:45:55 - [__main__] - INFO -   - Claims extracted: 43
2026-01-29 18:45:55 - [__main__] - INFO -   - Claims grounded: 43
2026-01-29 18:45:55 - [__main__] - INFO -   - Claims validated: 42
2026-01-29 18:45:55 - [__main__] - INFO -   - Claims written: 42
2026-01-29 18:45:55 - [__main__] - INFO - ============================================================
2026-01-29 18:45:55 - [__main__] - INFO - Final Graph Statistics
2026-01-29 18:45:55 - [__main__] - INFO - ============================================================
2026-01-29 18:45:55 - [__main__] - INFO - ============================================================
2026-01-29 18:45:55 - [__main__] - INFO - Overall Pipeline Summary
2026-01-29 18:45:55 - [__main__] - INFO - ============================================================
2026-01-29 18:45:55 - [__main__] - INFO - Papers processed: 7
2026-01-29 18:45:55 - [__main__] - INFO - Total claims extracted: 659
2026-01-29 18:45:55 - [__main__] - INFO - Total claims grounded: 659
2026-01-29 18:45:55 - [__main__] - INFO - Total claims validated: 639
2026-01-29 18:45:55 - [__main__] - INFO - Total claims written to graph: 639
2026-01-29 18:45:55 - [__main__] - INFO - Graph Database:
2026-01-29 18:45:55 - [__main__] - INFO -   - Nodes: 1033
2026-01-29 18:45:55 - [__main__] - INFO -   - Relationships: 639
2026-01-29 18:45:55 - [__main__] - INFO - ============================================================
2026-01-29 18:45:55 - [__main__] - INFO - === Workflow Finished ===
2026-01-29 18:45:55 - [__main__] - INFO - ============================================================
