2026-02-25 12:49:45 - [__main__] - DEBUG - Logger initialized: __main__, log file: logs/run_20260225_124945.log
2026-02-25 12:49:45 - [__main__] - INFO - ============================================================
2026-02-25 12:49:45 - [__main__] - INFO - Multi-Paper Knowledge Graph Construction Framework
2026-02-25 12:49:45 - [__main__] - INFO - ============================================================
2026-02-25 12:49:45 - [__main__] - INFO - Loading papers from JSON files...
2026-02-25 12:49:45 - [__main__] - INFO - Processing first 2 papers
2026-02-25 12:49:45 - [__main__] - INFO - Initializing dependencies...
2026-02-25 12:49:54 - [__main__] - INFO - Initializing agents...
2026-02-25 12:49:54 - [__main__] - INFO - ============================================================
2026-02-25 12:49:54 - [__main__] - INFO - Starting Multi-Paper Processing Pipeline
2026-02-25 12:49:54 - [__main__] - INFO - ============================================================
2026-02-25 12:49:54 - [__main__] - INFO - >>> [1/2] Extraction: 1_10.1109_ACCESS.2018.2825378
2026-02-25 12:50:20 - [__main__] - INFO - >>> [2/2] Extraction: 1_10.1109_ACCESS.2018.2827023
2026-02-25 12:50:20 - [__main__] - INFO - >>> [1] Grounding: 1_10.1109_ACCESS.2018.2825378
2026-02-25 12:52:28 - [__main__] - INFO - >>> [2] Grounding: 1_10.1109_ACCESS.2018.2827023
2026-02-25 12:52:28 - [__main__] - INFO - >>> [1] Validation: 1_10.1109_ACCESS.2018.2825378
2026-02-25 12:52:54 - [__main__] - INFO - >>> [1] Evolution: 1_10.1109_ACCESS.2018.2825378
2026-02-25 12:52:55 - [__main__] - INFO - >>> [1] Paper Summary:
2026-02-25 12:52:55 - [__main__] - INFO -   - Claims extracted: 71
2026-02-25 12:52:55 - [__main__] - INFO -   - Claims grounded:  71
2026-02-25 12:52:55 - [__main__] - INFO -   - Claims validated: 58
2026-02-25 12:52:55 - [__main__] - INFO -   - Claims written:   58
2026-02-25 12:53:42 - [__main__] - INFO - >>> [2] Validation: 1_10.1109_ACCESS.2018.2827023
2026-02-25 12:53:55 - [__main__] - INFO - >>> [2] Evolution: 1_10.1109_ACCESS.2018.2827023
2026-02-25 12:53:55 - [__main__] - INFO - >>> [2] Paper Summary:
2026-02-25 12:53:55 - [__main__] - INFO -   - Claims extracted: 35
2026-02-25 12:53:55 - [__main__] - INFO -   - Claims grounded:  35
2026-02-25 12:53:55 - [__main__] - INFO -   - Claims validated: 33
2026-02-25 12:53:55 - [__main__] - INFO -   - Claims written:   33
2026-02-25 12:53:55 - [__main__] - INFO - ============================================================
2026-02-25 12:53:55 - [__main__] - INFO - Final Graph Statistics
2026-02-25 12:53:55 - [__main__] - INFO - ============================================================
2026-02-25 12:53:55 - [__main__] - INFO - === Agent Timing Report ===
2026-02-25 12:53:55 - [__main__] - INFO - 
2026-02-25 12:53:55 - [__main__] - INFO - Per-Paper (Paper 1):
2026-02-25 12:53:55 - [__main__] - INFO -   Extraction:  25.90s
2026-02-25 12:53:55 - [__main__] - INFO -   Grounding:  128.69s
2026-02-25 12:53:55 - [__main__] - INFO -   Validation:  25.73s
2026-02-25 12:53:55 - [__main__] - INFO -   Evolution:  1.27s
2026-02-25 12:53:55 - [__main__] - INFO -   Total:  181.60s
2026-02-25 12:53:55 - [__main__] - INFO - 
2026-02-25 12:53:55 - [__main__] - INFO - Per-Paper (Paper 2):
2026-02-25 12:53:55 - [__main__] - INFO -   Extraction:  17.35s
2026-02-25 12:53:55 - [__main__] - INFO -   Grounding:  73.70s
2026-02-25 12:53:55 - [__main__] - INFO -   Validation:  12.81s
2026-02-25 12:53:55 - [__main__] - INFO -   Evolution:  0.43s
2026-02-25 12:53:55 - [__main__] - INFO -   Total:  104.28s
2026-02-25 12:53:55 - [__main__] - INFO - 
2026-02-25 12:53:55 - [__main__] - INFO - === Aggregate ===
2026-02-25 12:53:55 - [__main__] - INFO - Extraction:  43.25s (2 papers, avg 21.62s)
2026-02-25 12:53:55 - [__main__] - INFO - Grounding:  202.39s (2 papers, avg 101.19s)
2026-02-25 12:53:55 - [__main__] - INFO - Validation:  38.54s (2 papers, avg 19.27s)
2026-02-25 12:53:55 - [__main__] - INFO - Evolution:  1.70s (2 papers, avg 0.85s)
2026-02-25 12:53:55 - [__main__] - INFO - Pipeline Total: 285.88s
2026-02-25 12:53:55 - [__main__] - INFO - Timing report saved to: logs/timing_20250225_143000.json
2026-02-25 12:53:55 - [__main__] - INFO - ============================================================
2026-02-25 12:53:55 - [__main__] - INFO - Overall Pipeline Summary
2026-02-25 12:53:55 - [__main__] - INFO - ============================================================
2026-02-25 12:53:55 - [__main__] - INFO - Papers processed: 2
2026-02-25 12:53:55 - [__main__] - INFO - Total claims extracted: 106
2026-02-25 12:53:55 - [__main__] - INFO - Total claims grounded: 106
2026-02-25 12:53:55 - [__main__] - INFO - Total claims validated: 91
2026-02-25 12:53:55 - [__main__] - INFO - Total claims written to graph: 91
2026-02-25 12:53:55 - [__main__] - INFO - Graph Database:
2026-02-25 12:53:55 - [__main__] - INFO -   - Nodes: 234
2026-02-25 12:53:55 - [__main__] - INFO -   - Relationships: 174
2026-02-25 12:53:55 - [__main__] - INFO - ============================================================
2026-02-25 12:53:55 - [__main__] - INFO - === Workflow Finished ===
2026-02-25 12:53:55 - [__main__] - INFO - ============================================================
